TN:
SF:src/layout/entitySlots.js
FN:30,classifyTopology
FN:87,assignEntitySlots
FN:148,getEventParticipants
FN:165,computeChainDepth
FN:181,dfs
FNF:5
FNH:5
FNDA:9,classifyTopology
FNDA:62,assignEntitySlots
FNDA:58,getEventParticipants
FNDA:104,computeChainDepth
FNDA:279,dfs
DA:1,1
DA:2,1
DA:3,1
DA:4,1
DA:5,1
DA:6,1
DA:7,1
DA:8,1
DA:9,1
DA:10,1
DA:11,1
DA:12,1
DA:13,1
DA:14,1
DA:15,1
DA:16,1
DA:18,1
DA:19,1
DA:20,1
DA:21,1
DA:22,1
DA:24,1
DA:25,1
DA:26,1
DA:27,1
DA:28,1
DA:29,1
DA:30,1
DA:31,9
DA:32,9
DA:33,9
DA:35,5
DA:36,5
DA:38,9
DA:39,10
DA:40,10
DA:41,10
DA:43,5
DA:44,9
DA:45,9
DA:46,1
DA:47,1
DA:48,9
DA:50,4
DA:52,4
DA:53,9
DA:54,12
DA:55,1
DA:56,1
DA:57,12
DA:59,3
DA:60,9
DA:61,5
DA:62,5
DA:64,2
DA:65,9
DA:66,3
DA:67,3
DA:69,1
DA:70,1
DA:71,1
DA:73,1
DA:74,1
DA:75,1
DA:76,1
DA:77,1
DA:78,1
DA:79,1
DA:80,1
DA:81,1
DA:82,1
DA:83,1
DA:84,1
DA:85,1
DA:86,1
DA:87,1
DA:88,62
DA:89,62
DA:91,62
DA:93,61
DA:94,61
DA:95,61
DA:97,62
DA:98,1
DA:99,1
DA:100,1
DA:101,1
DA:102,1
DA:103,1
DA:104,1
DA:106,60
DA:107,60
DA:109,62
DA:110,63
DA:111,63
DA:112,63
DA:114,60
DA:116,62
DA:117,123
DA:118,123
DA:120,123
DA:121,61
DA:122,61
DA:123,69
DA:124,61
DA:125,61
DA:126,62
DA:127,1
DA:128,1
DA:129,1
DA:130,123
DA:132,60
DA:133,62
DA:134,0
DA:135,0
DA:136,0
DA:138,60
DA:139,60
DA:141,1
DA:142,1
DA:143,1
DA:144,1
DA:145,1
DA:146,1
DA:147,1
DA:148,1
DA:149,58
DA:150,58
DA:151,168
DA:152,59
DA:153,59
DA:154,59
DA:155,168
DA:156,58
DA:157,58
DA:159,1
DA:160,1
DA:161,1
DA:162,1
DA:163,1
DA:164,1
DA:165,1
DA:166,104
DA:167,104
DA:169,66
DA:170,66
DA:172,104
DA:173,93
DA:174,93
DA:175,93
DA:176,93
DA:177,93
DA:179,66
DA:181,66
DA:182,279
DA:183,277
DA:184,279
DA:185,279
DA:186,100
DA:187,100
DA:188,279
DA:190,104
DA:191,179
DA:192,179
DA:194,66
DA:195,66
LF:166
LH:163
BRDA:30,0,0,9
BRDA:32,1,0,2
BRDA:32,2,0,7
BRDA:33,3,0,2
BRDA:33,4,0,5
BRDA:38,5,0,10
BRDA:39,6,0,9
BRDA:40,7,0,9
BRDA:41,8,0,5
BRDA:45,9,0,1
BRDA:48,10,0,4
BRDA:53,11,0,12
BRDA:54,12,0,5
BRDA:54,13,0,7
BRDA:54,14,0,6
BRDA:54,15,0,1
BRDA:57,16,0,3
BRDA:60,17,0,5
BRDA:61,18,0,1
BRDA:62,19,0,2
BRDA:65,20,0,3
BRDA:66,21,0,1
BRDA:67,22,0,1
BRDA:31,23,0,14
BRDA:31,24,0,13
BRDA:45,25,0,18
BRDA:45,26,0,2
BRDA:87,27,0,62
BRDA:91,28,0,1
BRDA:91,29,0,61
BRDA:97,30,0,1
BRDA:104,31,0,60
BRDA:109,32,0,63
BRDA:110,33,0,62
BRDA:111,34,0,62
BRDA:112,35,0,60
BRDA:116,36,0,123
BRDA:117,37,0,61
BRDA:118,38,0,61
BRDA:120,39,0,62
BRDA:120,40,0,69
BRDA:120,41,0,61
BRDA:123,42,0,62
BRDA:123,43,0,61
BRDA:126,44,0,1
BRDA:130,45,0,60
BRDA:133,46,0,0
BRDA:136,47,0,60
BRDA:88,48,0,172
BRDA:94,49,0,64
BRDA:95,50,0,64
BRDA:148,51,0,58
BRDA:150,52,0,168
BRDA:151,53,0,59
BRDA:165,54,0,104
BRDA:167,55,0,38
BRDA:167,56,0,66
BRDA:172,57,0,93
BRDA:173,58,0,92
BRDA:177,59,0,66
BRDA:190,60,0,179
BRDA:192,61,0,66
BRDA:166,62,0,94
BRDA:181,63,0,279
BRDA:182,64,0,2
BRDA:182,65,0,277
BRDA:184,66,0,70
BRDA:184,67,0,277
BRDA:185,68,0,178
BRDA:185,69,0,100
BRDA:187,70,0,277
BRF:71
BRH:70
end_of_record
TN:
SF:src/layout/eventZones.js
FN:35,computeZoneWidth
FN:68,computeEventZones
FN:149,computeTotalCanvasWidth
FN:167,computeChapterBounds
FNF:4
FNH:4
FNDA:97,computeZoneWidth
FNDA:31,computeEventZones
FNDA:20,computeTotalCanvasWidth
FNDA:22,computeChapterBounds
DA:1,1
DA:2,1
DA:3,1
DA:4,1
DA:5,1
DA:6,1
DA:7,1
DA:9,1
DA:10,1
DA:12,1
DA:13,1
DA:15,1
DA:16,1
DA:18,1
DA:19,1
DA:21,1
DA:22,1
DA:24,1
DA:25,1
DA:27,1
DA:28,1
DA:29,1
DA:30,1
DA:31,1
DA:32,1
DA:33,1
DA:34,1
DA:35,1
DA:36,97
DA:37,97
DA:38,97
DA:40,97
DA:41,97
DA:42,97
DA:44,1
DA:45,1
DA:46,1
DA:47,1
DA:48,1
DA:49,1
DA:50,1
DA:51,1
DA:53,1
DA:54,1
DA:55,1
DA:56,1
DA:57,1
DA:58,1
DA:59,1
DA:60,1
DA:61,1
DA:62,1
DA:63,1
DA:64,1
DA:65,1
DA:66,1
DA:67,1
DA:68,1
DA:69,31
DA:71,30
DA:72,30
DA:73,30
DA:75,30
DA:76,30
DA:77,58
DA:78,58
DA:79,58
DA:80,30
DA:82,30
DA:83,30
DA:84,88
DA:86,88
DA:87,88
DA:88,9
DA:89,9
DA:90,88
DA:91,79
DA:92,79
DA:94,88
DA:95,88
DA:96,88
DA:97,88
DA:98,88
DA:99,88
DA:100,88
DA:101,30
DA:103,30
DA:104,31
DA:105,3
DA:106,9
DA:107,9
DA:108,3
DA:109,3
DA:111,30
DA:112,31
DA:113,58
DA:114,58
DA:116,58
DA:117,58
DA:118,58
DA:119,58
DA:121,58
DA:122,58
DA:124,58
DA:125,2
DA:126,2
DA:127,58
DA:129,30
DA:130,31
DA:131,88
DA:132,88
DA:133,88
DA:134,88
DA:135,88
DA:136,88
DA:137,88
DA:138,88
DA:140,30
DA:141,30
DA:143,1
DA:144,1
DA:145,1
DA:146,1
DA:147,1
DA:148,1
DA:149,1
DA:150,20
DA:151,19
DA:152,20
DA:153,57
DA:154,57
DA:155,57
DA:156,19
DA:157,19
DA:159,1
DA:160,1
DA:161,1
DA:162,1
DA:163,1
DA:164,1
DA:165,1
DA:166,1
DA:167,1
DA:168,22
DA:170,22
DA:171,66
DA:172,66
DA:173,66
DA:174,66
DA:176,66
DA:177,44
DA:178,66
DA:179,22
DA:180,22
DA:181,22
DA:182,66
DA:184,22
DA:185,22
DA:186,45
DA:187,45
DA:188,44
DA:189,44
DA:190,44
DA:191,45
DA:192,45
DA:193,45
DA:194,45
DA:195,45
DA:197,22
DA:198,22
LF:170
LH:170
BRDA:35,0,0,97
BRDA:36,1,0,193
BRDA:37,2,0,83
BRDA:68,3,0,31
BRDA:69,4,0,1
BRDA:69,5,0,30
BRDA:104,6,0,3
BRDA:109,7,0,30
BRDA:112,8,0,58
BRDA:117,9,0,2
BRDA:118,10,0,2
BRDA:119,11,0,27
BRDA:119,12,0,31
BRDA:124,13,0,2
BRDA:127,14,0,30
BRDA:130,15,0,88
BRDA:138,16,0,30
BRDA:73,17,0,58
BRDA:73,18,0,0
BRDA:76,19,0,58
BRDA:78,20,0,57
BRDA:78,21,0,22
BRDA:78,22,0,1
BRDA:79,23,0,0
BRDA:79,24,0,0
BRDA:83,25,0,88
BRDA:87,26,0,9
BRDA:90,27,0,79
BRDA:96,28,0,0
BRDA:105,29,0,9
BRDA:149,30,0,20
BRDA:150,31,0,19
BRDA:150,32,0,1
BRDA:152,33,0,57
BRDA:155,34,0,19
BRDA:167,35,0,22
BRDA:170,36,0,66
BRDA:171,37,0,0
BRDA:176,38,0,44
BRDA:178,39,0,22
BRDA:179,40,0,0
BRDA:185,41,0,45
BRDA:187,42,0,1
BRDA:187,43,0,44
BRDA:191,44,0,0
BRF:45
BRH:38
end_of_record
TN:
SF:src/layout/index.js
FN:66,computeLayout
FN:116,recomputeWithScaleMode
FNF:2
FNH:2
FNDA:18,computeLayout
FNDA:4,recomputeWithScaleMode
DA:1,1
DA:2,1
DA:3,1
DA:4,1
DA:5,1
DA:6,1
DA:8,1
DA:15,1
DA:21,1
DA:27,1
DA:34,1
DA:35,1
DA:36,1
DA:37,1
DA:38,1
DA:39,1
DA:40,1
DA:41,1
DA:42,1
DA:44,1
DA:45,1
DA:46,1
DA:47,1
DA:48,1
DA:49,1
DA:50,1
DA:51,1
DA:52,1
DA:53,1
DA:54,1
DA:55,1
DA:56,1
DA:57,1
DA:59,1
DA:60,1
DA:61,1
DA:62,1
DA:63,1
DA:64,1
DA:65,1
DA:66,1
DA:67,18
DA:69,18
DA:70,18
DA:71,18
DA:73,18
DA:74,18
DA:75,18
DA:77,18
DA:78,18
DA:79,18
DA:81,18
DA:82,18
DA:83,18
DA:84,18
DA:85,54
DA:86,54
DA:87,54
DA:88,54
DA:90,18
DA:91,18
DA:92,18
DA:94,18
DA:95,18
DA:97,18
DA:98,18
DA:99,18
DA:100,18
DA:101,18
DA:102,18
DA:103,18
DA:104,18
DA:105,18
DA:106,18
DA:107,18
DA:108,18
DA:109,18
DA:110,18
DA:112,1
DA:113,1
DA:114,1
DA:115,1
DA:116,1
DA:117,4
DA:118,4
LF:85
LH:85
BRDA:66,0,0,18
BRDA:70,1,0,12
BRDA:84,2,0,54
BRDA:85,3,0,0
BRDA:116,4,0,4
BRF:5
BRH:4
end_of_record
TN:
SF:src/layout/swimlanes.js
FN:35,buildEntityRows
FN:82,getEntityRow
FN:92,getGroupBounds
FN:105,getTotalCanvasHeight
FN:116,buildGroupBandsMap
FNF:5
FNH:5
FNDA:38,buildEntityRows
FNDA:2,getEntityRow
FNDA:3,getGroupBounds
FNDA:22,getTotalCanvasHeight
FNDA:19,buildGroupBandsMap
DA:1,1
DA:2,1
DA:3,1
DA:4,1
DA:5,1
DA:6,1
DA:7,1
DA:8,1
DA:10,1
DA:11,1
DA:12,1
DA:13,1
DA:14,1
DA:16,1
DA:17,1
DA:18,1
DA:19,1
DA:20,1
DA:21,1
DA:22,1
DA:23,1
DA:24,1
DA:25,1
DA:26,1
DA:28,1
DA:29,1
DA:30,1
DA:31,1
DA:32,1
DA:33,1
DA:34,1
DA:35,1
DA:36,38
DA:38,38
DA:39,38
DA:40,38
DA:42,38
DA:43,77
DA:44,77
DA:45,77
DA:47,77
DA:49,77
DA:50,130
DA:51,130
DA:53,130
DA:54,130
DA:55,130
DA:56,130
DA:57,130
DA:58,130
DA:59,130
DA:60,130
DA:61,130
DA:62,130
DA:64,130
DA:65,130
DA:66,130
DA:68,74
DA:69,74
DA:70,74
DA:71,74
DA:73,38
DA:74,38
DA:76,1
DA:77,1
DA:78,1
DA:79,1
DA:80,1
DA:81,1
DA:82,1
DA:83,2
DA:84,2
DA:86,1
DA:87,1
DA:88,1
DA:89,1
DA:90,1
DA:91,1
DA:92,1
DA:93,3
DA:94,3
DA:95,2
DA:96,2
DA:97,2
DA:98,2
DA:100,1
DA:101,1
DA:102,1
DA:103,1
DA:104,1
DA:105,1
DA:106,22
DA:107,21
DA:108,21
DA:109,21
DA:111,1
DA:112,1
DA:113,1
DA:114,1
DA:115,1
DA:116,1
DA:117,19
DA:118,19
DA:119,58
DA:120,58
DA:121,38
DA:122,38
DA:123,38
DA:124,38
DA:125,38
DA:126,38
DA:127,38
DA:128,56
DA:129,20
DA:130,20
DA:131,20
DA:132,58
DA:133,19
DA:134,19
LF:119
LH:119
BRDA:35,0,0,38
BRDA:42,1,0,77
BRDA:47,2,0,3
BRDA:47,3,0,74
BRDA:49,4,0,130
BRDA:51,5,0,1
BRDA:51,6,0,129
BRDA:66,7,0,74
BRDA:36,8,0,39
BRDA:44,9,0,264
BRDA:45,10,0,56
BRDA:45,11,0,0
BRDA:45,12,0,1
BRDA:82,13,0,2
BRDA:83,14,0,1
BRDA:83,15,0,7
BRDA:92,16,0,3
BRDA:94,17,0,1
BRDA:94,18,0,2
BRDA:93,19,0,12
BRDA:105,20,0,22
BRDA:106,21,0,1
BRDA:106,22,0,21
BRDA:116,23,0,19
BRDA:118,24,0,58
BRDA:120,25,0,56
BRDA:120,26,0,38
BRDA:128,27,0,20
BRF:28
BRH:27
end_of_record
TN:
SF:src/layout/timeAxis.js
FN:26,parseDate
FN:44,dateToMs
FN:55,formatDateLabel
FN:72,autoDetectScaleMode
FN:113,computeScale
FN:115,toX
FN:132,toX
FN:148,toX
FN:172,dateToX
FN:186,computeAxisTicks
FNF:10
FNH:10
FNDA:404,parseDate
FNDA:358,dateToMs
FNDA:4,formatDateLabel
FNDA:17,autoDetectScaleMode
FNDA:39,computeScale
FNDA:1,toX
FNDA:318,toX
FNDA:26,toX
FNDA:82,dateToX
FNDA:23,computeAxisTicks
DA:1,1
DA:2,1
DA:3,1
DA:4,1
DA:5,1
DA:6,1
DA:7,1
DA:8,1
DA:10,1
DA:11,1
DA:12,1
DA:13,1
DA:14,1
DA:16,1
DA:17,1
DA:18,1
DA:20,1
DA:21,1
DA:22,1
DA:23,1
DA:24,1
DA:25,1
DA:26,1
DA:27,404
DA:28,2
DA:29,2
DA:30,402
DA:31,402
DA:32,404
DA:33,404
DA:34,404
DA:35,404
DA:36,404
DA:38,1
DA:39,1
DA:40,1
DA:41,1
DA:42,1
DA:43,1
DA:44,1
DA:45,358
DA:46,358
DA:47,358
DA:49,1
DA:50,1
DA:51,1
DA:52,1
DA:53,1
DA:54,1
DA:55,1
DA:56,4
DA:57,4
DA:58,3
DA:59,3
DA:60,4
DA:61,4
DA:62,4
DA:64,1
DA:65,1
DA:66,1
DA:67,1
DA:68,1
DA:69,1
DA:70,1
DA:71,1
DA:72,1
DA:73,17
DA:75,15
DA:76,15
DA:77,15
DA:79,15
DA:80,15
DA:82,17
DA:84,13
DA:85,17
DA:86,27
DA:87,27
DA:88,27
DA:90,17
DA:92,13
DA:93,13
DA:94,17
DA:96,13
DA:97,13
DA:99,1
DA:100,1
DA:101,1
DA:102,1
DA:103,1
DA:104,1
DA:105,1
DA:106,1
DA:107,1
DA:108,1
DA:109,1
DA:110,1
DA:111,1
DA:112,1
DA:113,1
DA:114,39
DA:115,2
DA:116,2
DA:118,37
DA:119,37
DA:120,37
DA:122,39
DA:123,29
DA:124,29
DA:125,29
DA:126,29
DA:127,29
DA:128,29
DA:129,29
DA:130,29
DA:131,29
DA:132,29
DA:133,29
DA:134,29
DA:136,39
DA:137,2
DA:138,2
DA:139,2
DA:140,2
DA:141,2
DA:143,2
DA:144,2
DA:145,2
DA:146,2
DA:147,2
DA:148,2
DA:149,26
DA:150,26
DA:151,2
DA:152,2
DA:153,2
DA:155,6
DA:156,6
DA:157,6
DA:158,6
DA:159,6
DA:160,6
DA:161,6
DA:162,6
DA:163,6
DA:165,1
DA:166,1
DA:167,1
DA:168,1
DA:169,1
DA:170,1
DA:171,1
DA:172,1
DA:173,82
DA:174,1
DA:175,1
DA:176,81
DA:177,81
DA:179,1
DA:180,1
DA:181,1
DA:182,1
DA:183,1
DA:184,1
DA:185,1
DA:186,1
DA:187,23
DA:189,20
DA:190,21
DA:192,23
DA:193,23
DA:195,23
DA:197,23
DA:198,2
DA:199,8
DA:200,8
DA:201,8
DA:202,6
DA:203,6
DA:204,20
DA:205,18
DA:206,88
DA:207,282
DA:208,282
DA:209,282
DA:210,282
DA:211,282
DA:212,282
DA:213,282
DA:214,88
DA:215,18
DA:217,20
DA:218,20
LF:192
LH:192
BRDA:26,0,0,404
BRDA:27,1,0,402
BRDA:27,2,0,2
BRDA:29,3,0,402
BRDA:32,4,0,1
BRDA:32,5,0,401
BRDA:33,6,0,382
BRDA:33,7,0,19
BRDA:34,8,0,52
BRDA:34,9,0,349
BRDA:44,10,0,358
BRDA:55,11,0,4
BRDA:57,12,0,1
BRDA:57,13,0,3
BRDA:60,14,0,0
BRDA:72,15,0,17
BRDA:73,16,0,2
BRDA:73,17,0,15
BRDA:82,18,0,2
BRDA:82,19,0,13
BRDA:85,20,0,27
BRDA:88,21,0,13
BRDA:90,22,0,0
BRDA:90,23,0,13
BRDA:94,24,0,0
BRDA:94,25,0,13
BRDA:76,26,0,46
BRDA:77,27,0,31
BRDA:113,28,0,39
BRDA:114,29,0,2
BRDA:116,30,0,37
BRDA:122,31,0,29
BRDA:123,32,0,26
BRDA:134,33,0,8
BRDA:136,34,0,2
BRDA:153,35,0,6
BRDA:115,36,0,1
BRDA:118,37,0,103
BRDA:132,38,0,318
BRDA:148,39,0,26
BRDA:149,40,0,0
BRDA:172,41,0,82
BRDA:173,42,0,1
BRDA:175,43,0,81
BRDA:186,44,0,23
BRDA:187,45,0,20
BRDA:187,46,0,3
BRDA:187,47,0,21
BRDA:187,48,0,20
BRDA:190,49,0,17
BRDA:190,50,0,0
BRDA:197,51,0,20
BRDA:197,52,0,2
BRDA:198,53,0,8
BRDA:200,54,0,0
BRDA:201,55,0,2
BRDA:201,56,0,6
BRDA:204,57,0,18
BRDA:205,58,0,88
BRDA:206,59,0,282
BRDA:209,60,0,0
BRDA:210,61,0,36
BRDA:210,62,0,246
BRDA:211,63,0,70
BRDA:211,64,0,176
BRF:65
BRH:58
end_of_record
